Determining if the pthread_create exist failed with the following output:
Change Dir: /home/fiffeek/CLionProjects/website-metering/cmake-build-debug/CMakeFiles/CMakeTmp

Run Build Command:"/usr/bin/make" "cmTC_856ac/fast"
/usr/bin/make -f CMakeFiles/cmTC_856ac.dir/build.make CMakeFiles/cmTC_856ac.dir/build
make[1]: Entering directory '/home/fiffeek/CLionProjects/website-metering/cmake-build-debug/CMakeFiles/CMakeTmp'
Building C object CMakeFiles/cmTC_856ac.dir/CheckSymbolExists.c.o
/usr/bin/cc    -o CMakeFiles/cmTC_856ac.dir/CheckSymbolExists.c.o   -c /home/fiffeek/CLionProjects/website-metering/cmake-build-debug/CMakeFiles/CMakeTmp/CheckSymbolExists.c
Linking C executable cmTC_856ac
/home/fiffeek/Downloads/CLion-2018.3.4/clion-2018.3.4/bin/cmake/linux/bin/cmake -E cmake_link_script CMakeFiles/cmTC_856ac.dir/link.txt --verbose=1
/usr/bin/cc      -rdynamic CMakeFiles/cmTC_856ac.dir/CheckSymbolExists.c.o  -o cmTC_856ac 
CMakeFiles/cmTC_856ac.dir/CheckSymbolExists.c.o: In function `main':
CheckSymbolExists.c:(.text+0x1b): undefined reference to `pthread_create'
collect2: error: ld returned 1 exit status
CMakeFiles/cmTC_856ac.dir/build.make:86: recipe for target 'cmTC_856ac' failed
make[1]: *** [cmTC_856ac] Error 1
make[1]: Leaving directory '/home/fiffeek/CLionProjects/website-metering/cmake-build-debug/CMakeFiles/CMakeTmp'
Makefile:121: recipe for target 'cmTC_856ac/fast' failed
make: *** [cmTC_856ac/fast] Error 2

File /home/fiffeek/CLionProjects/website-metering/cmake-build-debug/CMakeFiles/CMakeTmp/CheckSymbolExists.c:
/* */
#include <pthread.h>

int main(int argc, char** argv)
{
  (void)argv;
#ifndef pthread_create
  return ((int*)(&pthread_create))[argc];
#else
  (void)argc;
  return 0;
#endif
}

Determining if the function pthread_create exists in the pthreads failed with the following output:
Change Dir: /home/fiffeek/CLionProjects/website-metering/cmake-build-debug/CMakeFiles/CMakeTmp

Run Build Command:"/usr/bin/make" "cmTC_613dc/fast"
/usr/bin/make -f CMakeFiles/cmTC_613dc.dir/build.make CMakeFiles/cmTC_613dc.dir/build
make[1]: Entering directory '/home/fiffeek/CLionProjects/website-metering/cmake-build-debug/CMakeFiles/CMakeTmp'
Building C object CMakeFiles/cmTC_613dc.dir/CheckFunctionExists.c.o
/usr/bin/cc   -DCHECK_FUNCTION_EXISTS=pthread_create   -o CMakeFiles/cmTC_613dc.dir/CheckFunctionExists.c.o   -c /home/fiffeek/Downloads/CLion-2018.3.4/clion-2018.3.4/bin/cmake/linux/share/cmake-3.13/Modules/CheckFunctionExists.c
Linking C executable cmTC_613dc
/home/fiffeek/Downloads/CLion-2018.3.4/clion-2018.3.4/bin/cmake/linux/bin/cmake -E cmake_link_script CMakeFiles/cmTC_613dc.dir/link.txt --verbose=1
/usr/bin/cc  -DCHECK_FUNCTION_EXISTS=pthread_create    -rdynamic CMakeFiles/cmTC_613dc.dir/CheckFunctionExists.c.o  -o cmTC_613dc -lpthreads 
/usr/bin/ld: cannot find -lpthreads
collect2: error: ld returned 1 exit status
CMakeFiles/cmTC_613dc.dir/build.make:86: recipe for target 'cmTC_613dc' failed
make[1]: *** [cmTC_613dc] Error 1
make[1]: Leaving directory '/home/fiffeek/CLionProjects/website-metering/cmake-build-debug/CMakeFiles/CMakeTmp'
Makefile:121: recipe for target 'cmTC_613dc/fast' failed
make: *** [cmTC_613dc/fast] Error 2


